2020-02-19 20:57:18.526254 - 程序开始
2020-02-19 21:00:21.633415 - 程序开始
2020-02-19 21:11:42.475372 - 程序开始
2020-02-19 21:12:14.019066 - 程序开始
2020-02-19 21:12:14.542667 - 报表读取完毕
2020-02-19 21:13:17.431630 - 程序开始
2020-02-19 21:13:17.929057 - 报表读取完毕
2020-02-19 21:13:57.444779 - 程序开始
2020-02-19 21:13:57.934724 - 报表读取完毕
2020-02-19 21:13:57.957665 - 报表合并完毕
2020-02-19 21:14:31.359269 - 程序开始
2020-02-19 21:14:31.766481 - 报表读取完毕
2020-02-19 21:14:31.793408 - 报表合并完毕
2020-02-19 21:14:58.425343 - 程序开始
2020-02-19 21:14:58.841233 - 报表读取完毕
2020-02-19 21:14:58.870154 - 报表合并完毕
2020-02-19 21:14:58.893093 - 数据整理完毕
2020-02-19 21:17:46.270815 - 程序开始
2020-02-19 21:17:46.608327 - 报表读取完毕
2020-02-19 21:17:46.635257 - 报表合并完毕
2020-02-19 21:17:46.647225 - 数据整理完毕
2020-02-19 21:18:28.959341 - 程序开始
2020-02-19 21:18:29.299210 - 报表读取完毕
2020-02-19 21:18:29.323144 - 报表合并完毕
2020-02-19 21:18:29.337106 - 数据整理完毕
2020-02-19 21:20:11.302650 - 程序开始
2020-02-19 21:20:11.634763 - 报表读取完毕
2020-02-19 21:20:11.655706 - 报表合并完毕
2020-02-19 21:20:11.664682 - 数据整理完毕
2020-02-19 21:20:39.368835 - 开始存储,一共需要存储 204，请等待
2020-02-19 21:20:46.742214 - 存储完成
2020-02-19 21:20:46.743218 - 程序结束
